<?xml version="1.0" encoding="UTF-8"?>
<!-- Generated by org.testng.reporters.JUnitXMLReporter -->
<testsuite hostname="CERN-RE041943" name="Default test" tests="3" failures="0" timestamp="27 Oct 2015 12:56:06 GMT" time="29.589" errors="0">
  <testcase name="validtest" time="9.803" classname="Testcases.Valid_login"/>
  <testcase name="validtest" time="8.682" classname="Testcases.Valid_login"/>
  <testcase name="validtest" time="10.152" classname="Testcases.Valid_login"/>
</testsuite> <!-- Default test -->
