<?xml version="1.0" encoding="UTF-8"?>
<testng-results skipped="0" failed="0" total="3" passed="3">
  <reporter-output>
  </reporter-output>
  <suite name="Default suite" duration-ms="29589" started-at="2015-10-27T12:55:36Z" finished-at="2015-10-27T12:56:06Z">
    <groups>
    </groups>
    <test name="Default test" duration-ms="29589" started-at="2015-10-27T12:55:36Z" finished-at="2015-10-27T12:56:06Z">
      <class name="Testcases.Valid_login">
        <test-method status="PASS" signature="validtest(java.lang.String, java.lang.String, java.lang.String, java.lang.String)[pri:0, instance:Testcases.Valid_login@5ab8d805]" name="validtest" duration-ms="9803" started-at="2015-10-27T18:25:37Z" data-provider="Valid_DP" finished-at="2015-10-27T18:25:47Z">
          <params>
            <param index="0">
              <value>
                <![CDATA[GB_07]]>
              </value>
            </param>
            <param index="1">
              <value>
                <![CDATA[qtpworld2008@gmail.com]]>
              </value>
            </param>
            <param index="2">
              <value>
                <![CDATA[learn123]]>
              </value>
            </param>
            <param index="3">
              <value>
                <![CDATA[qtpworld2008 rr]]>
              </value>
            </param>
          </params>
          <reporter-output>
          </reporter-output>
        </test-method> <!-- validtest -->
        <test-method status="PASS" signature="validtest(java.lang.String, java.lang.String, java.lang.String, java.lang.String)[pri:0, instance:Testcases.Valid_login@5ab8d805]" name="validtest" duration-ms="8682" started-at="2015-10-27T18:25:47Z" data-provider="Valid_DP" finished-at="2015-10-27T18:25:56Z">
          <params>
            <param index="0">
              <value>
                <![CDATA[GB_08]]>
              </value>
            </param>
            <param index="1">
              <value>
                <![CDATA[qtpworld2008@gmail.com]]>
              </value>
            </param>
            <param index="2">
              <value>
                <![CDATA[learn123]]>
              </value>
            </param>
            <param index="3">
              <value>
                <![CDATA[qtpworld2008 g]]>
              </value>
            </param>
          </params>
          <reporter-output>
          </reporter-output>
        </test-method> <!-- validtest -->
        <test-method status="PASS" signature="validtest(java.lang.String, java.lang.String, java.lang.String, java.lang.String)[pri:0, instance:Testcases.Valid_login@5ab8d805]" name="validtest" duration-ms="10152" started-at="2015-10-27T18:25:56Z" data-provider="Valid_DP" finished-at="2015-10-27T18:26:06Z">
          <params>
            <param index="0">
              <value>
                <![CDATA[GB_09]]>
              </value>
            </param>
            <param index="1">
              <value>
                <![CDATA[qtpworld2008@gmail.com]]>
              </value>
            </param>
            <param index="2">
              <value>
                <![CDATA[learn123]]>
              </value>
            </param>
            <param index="3">
              <value>
                <![CDATA[qtpworld2008 g]]>
              </value>
            </param>
          </params>
          <reporter-output>
          </reporter-output>
        </test-method> <!-- validtest -->
      </class> <!-- Testcases.Valid_login -->
    </test> <!-- Default test -->
  </suite> <!-- Default suite -->
</testng-results>
